p/cropped_197.jpg 1 0 0 107 104
p/cropped_196.jpg 1 0 0 98 138
p/cropped_195.jpg 1 0 0 92 90
p/cropped_194.jpg 1 0 0 64 78
p/cropped_193.jpg 1 0 0 71 101
p/cropped_192.jpg 1 0 0 144 141
p/cropped_191.jpg 1 0 0 117 94
p/cropped_190.jpg 1 0 0 125 107
p/cropped_189.jpg 1 0 0 138 80
p/cropped_188.jpg 1 0 0 103 112
p/cropped_187.jpg 1 0 0 139 131
p/cropped_186.jpg 1 0 0 116 123
p/cropped_185.jpg 1 0 0 112 107
p/cropped_184.jpg 1 0 0 98 92
p/cropped_183.jpg 1 0 0 109 104
p/cropped_182.jpg 1 0 0 103 108
p/cropped_181.jpg 1 0 0 118 113
p/cropped_180.jpg 1 0 0 112 125
p/cropped_179.jpg 1 0 0 107 110
p/cropped_178.jpg 1 0 0 101 111
p/cropped_177.jpg 1 0 0 117 124
p/cropped_176.jpg 1 0 0 100 96
p/cropped_175.jpg 1 0 0 103 108
p/cropped_174.jpg 1 0 0 107 112
p/cropped_173.jpg 1 0 0 134 131
p/cropped_172.jpg 1 0 0 74 111
p/cropped_171.jpg 1 0 0 115 123
p/cropped_170.jpg 1 0 0 102 114
p/cropped_169.jpg 1 0 0 102 101
p/cropped_168.jpg 1 0 0 120 110
p/cropped_167.jpg 1 0 0 110 123
p/cropped_166.jpg 1 0 0 115 116
p/cropped_165.jpg 1 0 0 119 103
p/cropped_164.jpg 1 0 0 88 87
p/cropped_163.jpg 1 0 0 126 126
p/cropped_162.jpg 1 0 0 116 107
p/cropped_161.jpg 1 0 0 106 94
p/cropped_160.jpg 1 0 0 128 127
p/cropped_159.jpg 1 0 0 110 108
p/cropped_158.jpg 1 0 0 107 96
p/cropped_157.jpg 1 0 0 102 109
p/cropped_156.jpg 1 0 0 129 119
p/cropped_155.jpg 1 0 0 103 115
p/cropped_154.jpg 1 0 0 112 108
p/cropped_153.jpg 1 0 0 125 107
p/cropped_152.jpg 1 0 0 113 107
p/cropped_151.jpg 1 0 0 116 116
p/cropped_150.jpg 1 0 0 97 119
p/cropped_149.jpg 1 0 0 117 101
p/cropped_148.jpg 1 0 0 72 42
p/cropped_147.jpg 1 0 0 120 102
p/cropped_146.jpg 1 0 0 91 101
p/cropped_145.jpg 1 0 0 109 82
p/cropped_144.jpg 1 0 0 138 118
p/cropped_143.jpg 1 0 0 97 124
p/cropped_142.jpg 1 0 0 109 125
p/cropped_141.jpg 1 0 0 106 113
p/cropped_140.jpg 1 0 0 40 30
p/cropped_139.jpg 1 0 0 31 37
p/cropped_138.jpg 1 0 0 131 110
p/cropped_137.jpg 1 0 0 130 107
p/cropped_136.jpg 1 0 0 88 70
p/cropped_135.jpg 1 0 0 88 89
p/cropped_134.jpg 1 0 0 143 131
p/cropped_133.jpg 1 0 0 52 91
p/cropped_132.jpg 1 0 0 144 123
p/cropped_131.jpg 1 0 0 150 118
p/cropped_130.jpg 1 0 0 74 80
p/cropped_129.jpg 1 0 0 124 105
p/cropped_128.jpg 1 0 0 146 113
p/cropped_127.jpg 1 0 0 133 116
p/cropped_126.jpg 1 0 0 126 116
p/cropped_125.jpg 1 0 0 52 91
p/cropped_124.jpg 1 0 0 110 98
p/cropped_123.jpg 1 0 0 99 86
p/cropped_122.jpg 1 0 0 78 57
p/cropped_121.jpg 1 0 0 111 101
p/cropped_120.jpg 1 0 0 124 110
p/cropped_119.jpg 1 0 0 129 127
p/cropped_118.jpg 1 0 0 128 117
p/cropped_117.jpg 1 0 0 123 124
p/cropped_116.jpg 1 0 0 131 126
p/cropped_115.jpg 1 0 0 120 115
p/cropped_114.jpg 1 0 0 97 85
p/cropped_113.jpg 1 0 0 88 68
p/cropped_112.jpg 1 0 0 96 92
p/cropped_111.jpg 1 0 0 121 96
p/cropped_110.jpg 1 0 0 117 94
p/cropped_109.jpg 1 0 0 126 99
p/cropped_108.jpg 1 0 0 134 56
p/cropped_107.jpg 1 0 0 130 113
p/cropped_106.jpg 1 0 0 134 95
p/cropped_105.jpg 1 0 0 121 123
p/cropped_104.jpg 1 0 0 141 124
p/cropped_103.jpg 1 0 0 144 124
p/cropped_102.jpg 1 0 0 140 126
p/cropped_101.jpg 1 0 0 131 106
p/cropped_100.jpg 1 0 0 134 128
p/cropped_99.jpg 1 0 0 138 136
p/cropped_98.jpg 1 0 0 128 116
p/cropped_97.jpg 1 0 0 133 122
p/cropped_96.jpg 1 0 0 103 97
p/cropped_95.jpg 1 0 0 139 118
p/cropped_94.jpg 1 0 0 106 105
p/cropped_93.jpg 1 0 0 111 67
p/cropped_92.jpg 1 0 0 108 106
p/cropped_91.jpg 1 0 0 114 116
p/cropped_90.jpg 1 0 0 72 102
p/cropped_89.jpg 1 0 0 117 106
p/cropped_88.jpg 1 0 0 68 75
p/cropped_87.jpg 1 0 0 122 116
p/cropped_86.jpg 1 0 0 110 102
p/cropped_85.jpg 1 0 0 121 122
p/cropped_84.jpg 1 0 0 127 127
p/cropped_83.jpg 1 0 0 129 123
p/cropped_82.jpg 1 0 0 121 112
p/cropped_81.jpg 1 0 0 137 134
p/cropped_80.jpg 1 0 0 134 131
p/cropped_79.jpg 1 0 0 97 92
p/cropped_78.jpg 1 0 0 132 132
p/cropped_77.jpg 1 0 0 96 71
p/cropped_76.jpg 1 0 0 126 118
p/cropped_75.jpg 1 0 0 116 62
p/cropped_74.jpg 1 0 0 111 86
p/cropped_73.jpg 1 0 0 81 69
p/cropped_72.jpg 1 0 0 70 58
p/cropped_71.jpg 1 0 0 136 112
p/cropped_70.jpg 1 0 0 123 98
p/cropped_69.jpg 1 0 0 72 58
p/cropped_68.jpg 1 0 0 51 65
p/cropped_67.jpg 1 0 0 102 107
p/cropped_66.jpg 1 0 0 119 96
p/cropped_65.jpg 1 0 0 136 132
p/cropped_64.jpg 1 0 0 103 115
p/cropped_63.jpg 1 0 0 109 99
p/cropped_62.jpg 1 0 0 85 88
p/cropped_61.jpg 1 0 0 71 65
p/cropped_60.jpg 1 0 0 110 108
p/cropped_59.jpg 1 0 0 122 117
p/cropped_58.jpg 1 0 0 80 104
p/cropped_57.jpg 1 0 0 92 70
p/cropped_56.jpg 1 0 0 115 100
p/cropped_55.jpg 1 0 0 109 105
p/cropped_54.jpg 1 0 0 106 100
p/cropped_53.jpg 1 0 0 99 101
p/cropped_52.jpg 1 0 0 94 81
p/cropped_51.jpg 1 0 0 124 116
p/cropped_50.jpg 1 0 0 126 122
p/cropped_49.jpg 1 0 0 126 122
p/cropped_48.jpg 1 0 0 121 115
p/cropped_47.jpg 1 0 0 104 104
p/cropped_46.jpg 1 0 0 110 114
p/cropped_45.jpg 1 0 0 103 106
p/cropped_44.jpg 1 0 0 64 61
p/cropped_43.jpg 1 0 0 78 89
p/cropped_42.jpg 1 0 0 103 119
p/cropped_41.jpg 1 0 0 115 68
p/cropped_40.jpg 1 0 0 114 98
p/cropped_39.jpg 1 0 0 92 108
p/cropped_38.jpg 1 0 0 79 109
p/cropped_37.jpg 1 0 0 107 113
p/cropped_36.jpg 1 0 0 101 110
p/cropped_35.jpg 1 0 0 110 118
p/cropped_34.jpg 1 0 0 113 114
p/cropped_33.jpg 1 0 0 110 44
p/cropped_32.jpg 1 0 0 134 98
p/cropped_31.jpg 1 0 0 92 112
p/cropped_30.jpg 1 0 0 103 120
p/cropped_29.jpg 1 0 0 113 112
p/cropped_28.jpg 1 0 0 91 97
p/cropped_27.jpg 1 0 0 107 98
p/cropped_26.jpg 1 0 0 102 99
p/cropped_25.jpg 1 0 0 98 98
p/cropped_24.jpg 1 0 0 107 116
p/cropped_23.jpg 1 0 0 117 99
p/cropped_22.jpg 1 0 0 103 99
p/cropped_21.jpg 1 0 0 109 113
p/cropped_20.jpg 1 0 0 104 98
p/cropped_19.jpg 1 0 0 102 103
p/cropped_18.jpg 1 0 0 111 115
p/cropped_17.jpg 1 0 0 122 83
p/cropped_16.jpg 1 0 0 123 123
p/cropped_15.jpg 1 0 0 117 101
p/cropped_14.jpg 1 0 0 73 72
p/cropped_13.jpg 1 0 0 119 127
p/cropped_12.jpg 1 0 0 103 103
p/cropped_11.jpg 1 0 0 112 112
p/cropped_10.jpg 1 0 0 110 112
p/cropped_9.jpg 1 0 0 86 88
p/cropped_8.jpg 1 0 0 117 104
p/cropped_7.jpg 1 0 0 134 135
p/cropped_6.jpg 1 0 0 116 132
p/cropped_5.jpg 1 0 0 105 99
p/cropped_4.jpg 1 0 0 111 100
p/cropped_3.jpg 1 0 0 96 105
p/cropped_2.jpg 1 0 0 90 113
p/cropped_1.jpg 1 0 0 103 115